1683561908.649386 client started (10163): version 3.1c, socket /tmp/tmux-1000/default, protocol 8
1683561908.649435 on Linux 5.15.90.1-microsoft-standard-WSL2 #1 SMP Fri Jan 27 02:56:13 UTC 2023; libevent 2.1.12-stable (poll)
1683561908.649453 socket is /tmp/tmux-1000/default
1683561908.649466 trying connect
1683561908.649486 connect failed: Connection refused
1683561908.649497 lock file is /tmp/tmux-1000/default.lock
1683561908.649570 flock succeeded
1683561908.649580 got lock (6)
1683561908.649587 trying connect
1683561908.649597 connect failed: Connection refused
1683561908.649826 add peer 0x5654120b8e40: 7 ((nil))
1683561908.649980 sending message 100 to peer 0x5654120b8e40 (4 bytes)
1683561908.649996 sending message 101 to peer 0x5654120b8e40 (15 bytes)
1683561908.650001 sending message 102 to peer 0x5654120b8e40 (11 bytes)
1683561908.650006 sending message 108 to peer 0x5654120b8e40 (24 bytes)
1683561908.650011 sending message 104 to peer 0x5654120b8e40 (0 bytes)
1683561908.650016 sending message 107 to peer 0x5654120b8e40 (4 bytes)
1683561908.650020 sending message 105 to peer 0x5654120b8e40 (16 bytes)
1683561908.650025 sending message 105 to peer 0x5654120b8e40 (60 bytes)
1683561908.650030 sending message 105 to peer 0x5654120b8e40 (24 bytes)
1683561908.650034 sending message 105 to peer 0x5654120b8e40 (23 bytes)
1683561908.650039 sending message 105 to peer 0x5654120b8e40 (48 bytes)
1683561908.650059 sending message 105 to peer 0x5654120b8e40 (19 bytes)
1683561908.650064 sending message 105 to peer 0x5654120b8e40 (28 bytes)
1683561908.650069 sending message 105 to peer 0x5654120b8e40 (13 bytes)
1683561908.650073 sending message 105 to peer 0x5654120b8e40 (16 bytes)
1683561908.650078 sending message 105 to peer 0x5654120b8e40 (17 bytes)
1683561908.650082 sending message 105 to peer 0x5654120b8e40 (34 bytes)
1683561908.650087 sending message 105 to peer 0x5654120b8e40 (1519 bytes)
1683561908.650101 sending message 105 to peer 0x5654120b8e40 (26 bytes)
1683561908.650106 sending message 105 to peer 0x5654120b8e40 (24 bytes)
1683561908.650111 sending message 105 to peer 0x5654120b8e40 (20 bytes)
1683561908.650115 sending message 105 to peer 0x5654120b8e40 (10 bytes)
1683561908.650120 sending message 105 to peer 0x5654120b8e40 (11 bytes)
1683561908.650124 sending message 105 to peer 0x5654120b8e40 (8 bytes)
1683561908.650129 sending message 105 to peer 0x5654120b8e40 (14 bytes)
1683561908.650133 sending message 105 to peer 0x5654120b8e40 (38 bytes)
1683561908.650137 sending message 105 to peer 0x5654120b8e40 (33 bytes)
1683561908.650142 sending message 105 to peer 0x5654120b8e40 (1086 bytes)
1683561908.650148 sending message 105 to peer 0x5654120b8e40 (51 bytes)
1683561908.650152 sending message 105 to peer 0x5654120b8e40 (16 bytes)
1683561908.650157 sending message 105 to peer 0x5654120b8e40 (40 bytes)
1683561908.650162 sending message 105 to peer 0x5654120b8e40 (53 bytes)
1683561908.650167 sending message 105 to peer 0x5654120b8e40 (16 bytes)
1683561908.650171 sending message 105 to peer 0x5654120b8e40 (18 bytes)
1683561908.650176 sending message 106 to peer 0x5654120b8e40 (0 bytes)
1683561908.650181 sending message 200 to peer 0x5654120b8e40 (4 bytes)
1683561908.650185 client loop enter
1683561908.701404 peer 0x5654120b8e40 message 207
1683561908.701419 sending message 208 to peer 0x5654120b8e40 (0 bytes)
1683561912.546313 peer 0x5654120b8e40 message 203
1683561912.546336 sending message 205 to peer 0x5654120b8e40 (0 bytes)
1683561912.546835 peer 0x5654120b8e40 message 204
1683561912.546854 client loop exit
